  [4;36;1mSQL (219.7ms)[0m   [0;1mSET NAMES 'utf8'[0m
  [4;35;1mSQL (52.0ms)[0m   [0mSET SQL_AUTO_IS_NULL=0[0m
  [4;36;1mSQL (438.1ms)[0m   [0;1mSHOW TABLES[0m
  [4;36;1mSQL (0.1ms)[0m   [0;1mSET NAMES 'utf8'[0m
  [4;35;1mSQL (0.1ms)[0m   [0mSET SQL_AUTO_IS_NULL=0[0m
  [4;36;1mSQL (0.4ms)[0m   [0;1mSHOW TABLES[0m
  [4;35;1mSQL (1078.5ms)[0m   [0mCREATE TABLE `schema_migrations` (`version` varchar(255) NOT NULL) ENGINE=InnoDB[0m
  [4;36;1mSQL (555.8ms)[0m   [0;1mCREATE UNIQUE INDEX `unique_schema_migrations` ON `schema_migrations` (`version`)[0m
  [4;35;1mSQL (49.7ms)[0m   [0mSHOW TABLES[0m
  [4;36;1mSQL (0.2ms)[0m   [0;1mSET NAMES 'utf8'[0m
  [4;35;1mSQL (0.1ms)[0m   [0mSET SQL_AUTO_IS_NULL=0[0m
  [4;36;1mSQL (0.4ms)[0m   [0;1mSHOW TABLES[0m
  [4;35;1mSQL (0.5ms)[0m   [0mSELECT version FROM schema_migrations[0m
Migrating to AddComatoseSupport (20090827055630)
  [4;36;1mSQL (155.7ms)[0m   [0;1mCREATE TABLE `comatose_pages` (`id` int(11) DEFAULT NULL auto_increment PRIMARY KEY, `parent_id` int(11), `full_path` text DEFAULT '', `title` varchar(255), `slug` varchar(255), `keywords` varchar(255), `body` text, `filter_type` varchar(25) DEFAULT 'Textile', `author` varchar(255), `position` int(11) DEFAULT 0, `version` int(11), `updated_on` datetime, `created_on` datetime) ENGINE=InnoDB[0m
  [4;35;1mComatosePage Columns (43.0ms)[0m   [0mSHOW FIELDS FROM `comatose_pages`[0m
  [4;36;1mSQL (80.9ms)[0m   [0;1mCREATE TABLE `comatose_page_versions` (`id` int(11) DEFAULT NULL auto_increment PRIMARY KEY, `comatose_page_id` int(11), `version` int(11)) ENGINE=InnoDB[0m
  [4;35;1mSQL (93.0ms)[0m   [0mALTER TABLE `comatose_page_versions` ADD `parent_id` int(11) DEFAULT NULL[0m
  [4;36;1mSQL (7.3ms)[0m   [0;1mALTER TABLE `comatose_page_versions` ADD `full_path` text DEFAULT NULL[0m
  [4;35;1mSQL (8.3ms)[0m   [0mALTER TABLE `comatose_page_versions` ADD `title` varchar(255) DEFAULT NULL[0m
  [4;36;1mSQL (26.9ms)[0m   [0;1mALTER TABLE `comatose_page_versions` ADD `slug` varchar(255) DEFAULT NULL[0m
  [4;35;1mSQL (11.3ms)[0m   [0mALTER TABLE `comatose_page_versions` ADD `keywords` varchar(255) DEFAULT NULL[0m
  [4;36;1mSQL (44.7ms)[0m   [0;1mALTER TABLE `comatose_page_versions` ADD `body` text DEFAULT NULL[0m
  [4;35;1mSQL (7.3ms)[0m   [0mALTER TABLE `comatose_page_versions` ADD `filter_type` varchar(25) DEFAULT 'Textile'[0m
  [4;36;1mSQL (53.2ms)[0m   [0;1mALTER TABLE `comatose_page_versions` ADD `author` varchar(255) DEFAULT NULL[0m
  [4;35;1mSQL (12.1ms)[0m   [0mALTER TABLE `comatose_page_versions` ADD `position` int(11) DEFAULT 0[0m
  [4;36;1mSQL (58.8ms)[0m   [0;1mALTER TABLE `comatose_page_versions` ADD `updated_on` datetime DEFAULT NULL[0m
  [4;35;1mSQL (12.1ms)[0m   [0mALTER TABLE `comatose_page_versions` ADD `created_on` datetime DEFAULT NULL[0m
  [4;36;1mSQL (0.2ms)[0m   [0;1mBEGIN[0m
  [4;35;1mComatosePage Create (76.0ms)[0m   [0mINSERT INTO `comatose_pages` (`slug`, `position`, `title`, `body`, `author`, `created_on`, `filter_type`, `updated_on`, `version`, `parent_id`, `full_path`, `keywords`) VALUES(NULL, 0, 'Home Page', 'h1. Welcome\n\nYour content goes here...', 'System', '2009-08-27 05:56:47', 'Textile', '2009-08-27 05:56:47', 1, NULL, NULL, NULL)[0m
  [4;36;1mComatosePage::Version Columns (3.8ms)[0m   [0;1mSHOW FIELDS FROM `comatose_page_versions`[0m
  [4;35;1mComatosePage::Version Create (0.8ms)[0m   [0mINSERT INTO `comatose_page_versions` (`slug`, `position`, `title`, `body`, `author`, `created_on`, `filter_type`, `updated_on`, `version`, `comatose_page_id`, `parent_id`, `full_path`, `keywords`) VALUES(NULL, 0, 'Home Page', 'h1. Welcome\n\nYour content goes here...', 'System', '2009-08-27 05:56:47', 'Textile', '2009-08-27 05:56:47', 1, 1, NULL, NULL, NULL)[0m
  [4;36;1mSQL (22.7ms)[0m   [0;1mCOMMIT[0m
  [4;35;1mSQL (1.1ms)[0m   [0mINSERT INTO schema_migrations (version) VALUES ('20090827055630')[0m
  [4;36;1mSQL (0.7ms)[0m   [0;1mSHOW TABLES[0m
  [4;35;1mSQL (0.6ms)[0m   [0mSELECT version FROM schema_migrations[0m
  [4;36;1mSQL (1.0ms)[0m   [0;1mSHOW TABLES[0m
  [4;35;1mSQL (3.0ms)[0m   [0mSHOW FIELDS FROM `comatose_page_versions`[0m
  [4;36;1mSQL (3.3ms)[0m   [0;1mdescribe `comatose_page_versions`[0m
  [4;35;1mSQL (0.9ms)[0m   [0mSHOW KEYS FROM `comatose_page_versions`[0m
  [4;36;1mSQL (3.6ms)[0m   [0;1mSHOW FIELDS FROM `comatose_pages`[0m
  [4;35;1mSQL (2.3ms)[0m   [0mdescribe `comatose_pages`[0m
  [4;36;1mSQL (0.8ms)[0m   [0;1mSHOW KEYS FROM `comatose_pages`[0m
  [4;36;1mSQL (0.3ms)[0m   [0;1mSET NAMES 'utf8'[0m
  [4;35;1mSQL (0.2ms)[0m   [0mSET SQL_AUTO_IS_NULL=0[0m


Processing ComatoseController#show (for 127.0.0.1 at 2009-08-27 11:29:19) [GET]
  Parameters: {"use_cache"=>"true", "layout"=>"comatose_content.html.erb", "cache_path"=>nil, "root"=>"/", "page"=>["coatose_admin"], "index"=>""}
  [4;36;1mSQL (0.8ms)[0m   [0;1mSHOW TABLES[0m
  [4;35;1mComatosePage Columns (3.3ms)[0m   [0mSHOW FIELDS FROM `comatose_pages`[0m
  [4;36;1mSQL (0.7ms)[0m   [0;1mSHOW TABLES[0m
  [4;35;1mComatosePage Columns (2.3ms)[0m   [0mSHOW FIELDS FROM `comatose_pages`[0m

NoMethodError (undefined method `acts_as_tree' for #<Class:0xb71134e4>):
  haml (2.2.0) lib/sass/plugin/rails.rb:19:in `process'

Rendered rescues/_trace (105.7ms)
Rendered rescues/_request_and_response (4.1ms)
Rendering rescues/layout (internal_server_error)
  [4;36;1mSQL (0.3ms)[0m   [0;1mSET NAMES 'utf8'[0m
  [4;35;1mSQL (0.2ms)[0m   [0mSET SQL_AUTO_IS_NULL=0[0m


Processing ComatoseController#show (for 127.0.0.1 at 2009-08-27 11:36:11) [GET]
  Parameters: {"use_cache"=>"true", "layout"=>"comatose_content.html.erb", "cache_path"=>nil, "root"=>"/", "page"=>["coatose_admin"], "index"=>""}
  [4;36;1mComatosePage Load (48.8ms)[0m   [0;1mSELECT * FROM `comatose_pages` WHERE (full_path = 'coatose_admin') LIMIT 1[0m
  [4;35;1mComatosePage Load (0.9ms)[0m   [0mSELECT * FROM `comatose_pages` WHERE (full_path = '404') LIMIT 1[0m
Completed in 104ms (View: 2, DB: 50) | 404 Not Found [http://localhost/coatose_admin]
  [4;36;1mSQL (0.2ms)[0m   [0;1mSET NAMES 'utf8'[0m
  [4;35;1mSQL (0.2ms)[0m   [0mSET SQL_AUTO_IS_NULL=0[0m


Processing ComatoseController#show (for 127.0.0.1 at 2009-08-27 11:36:15) [GET]
  Parameters: {"use_cache"=>"true", "layout"=>"comatose_content.html.erb", "cache_path"=>nil, "root"=>"/", "page"=>["coatose_admin"], "index"=>""}
  [4;36;1mComatosePage Load (0.3ms)[0m   [0;1mSELECT * FROM `comatose_pages` WHERE (full_path = 'coatose_admin') LIMIT 1[0m
  [4;35;1mComatosePage Load (0.3ms)[0m   [0mSELECT * FROM `comatose_pages` WHERE (full_path = '404') LIMIT 1[0m
Completed in 9ms (View: 2, DB: 1) | 404 Not Found [http://localhost/coatose_admin]
  [4;36;1mSQL (0.2ms)[0m   [0;1mSET NAMES 'utf8'[0m
  [4;35;1mSQL (0.2ms)[0m   [0mSET SQL_AUTO_IS_NULL=0[0m


Processing ComatoseAdminController#index (for 127.0.0.1 at 2009-08-27 11:36:32) [GET]
  [4;36;1mComatosePage Load (49.9ms)[0m   [0;1mSELECT * FROM `comatose_pages` WHERE (parent_id IS NULL) ORDER BY position, title LIMIT 1[0m
  [4;35;1mComatosePage Columns (3.3ms)[0m   [0mSHOW FIELDS FROM `comatose_pages`[0m
Rendering template within layouts/comatose_admin
Rendering comatose_admin/index
  [4;36;1mComatosePage::Version Load (1.0ms)[0m   [0;1mSELECT * FROM `comatose_page_versions` WHERE (`comatose_page_versions`.comatose_page_id = 1) ORDER BY version[0m
  [4;35;1mSQL (2.9ms)[0m   [0mSELECT count(*) AS count_all FROM `comatose_pages` WHERE (`comatose_pages`.parent_id = 1) [0m
Rendered comatose_admin/_page_list_item (237.5ms)
Completed in 531ms (View: 458, DB: 57) | 200 OK [http://localhost/comatose_admin]
  [4;36;1mSQL (220.0ms)[0m   [0;1mSET NAMES 'utf8'[0m
  [4;35;1mSQL (20.4ms)[0m   [0mSET SQL_AUTO_IS_NULL=0[0m


Processing ComatoseAdminController#index (for 127.0.0.1 at 2009-08-27 15:14:22) [GET]
  [4;36;1mComatosePage Load (197.8ms)[0m   [0;1mSELECT * FROM `comatose_pages` WHERE (parent_id IS NULL) ORDER BY position, title LIMIT 1[0m
  [4;35;1mComatosePage Columns (479.6ms)[0m   [0mSHOW FIELDS FROM `comatose_pages`[0m
Rendering template within layouts/comatose_admin
Rendering comatose_admin/index
  [4;36;1mComatosePage::Version Load (0.3ms)[0m   [0;1mSELECT * FROM `comatose_page_versions` WHERE (`comatose_page_versions`.comatose_page_id = 1) ORDER BY version[0m
  [4;35;1mSQL (0.2ms)[0m   [0mSELECT count(*) AS count_all FROM `comatose_pages` WHERE (`comatose_pages`.parent_id = 1) [0m
Rendered comatose_admin/_page_list_item (193.3ms)
Completed in 1585ms (View: 798, DB: 918) | 200 OK [http://localhost/comatose_admin]
  [4;36;1mSQL (0.2ms)[0m   [0;1mSET NAMES 'utf8'[0m
  [4;35;1mSQL (0.2ms)[0m   [0mSET SQL_AUTO_IS_NULL=0[0m


Processing ComatoseAdminController#edit (for 127.0.0.1 at 2009-08-27 15:14:31) [GET]
  Parameters: {"id"=>"1"}
  [4;36;1mComatosePage Load (300.6ms)[0m   [0;1mSELECT * FROM `comatose_pages` WHERE (`comatose_pages`.`id` = 1) [0m
  [4;35;1mComatosePage Load (0.3ms)[0m   [0mSELECT * FROM `comatose_pages` WHERE (parent_id IS NULL) ORDER BY position, title LIMIT 1[0m
Rendering template within layouts/comatose_admin
Rendering comatose_admin/edit
  [4;36;1mComatosePage::Version Load (0.4ms)[0m   [0;1mSELECT * FROM `comatose_page_versions` WHERE (`comatose_page_versions`.comatose_page_id = 1) ORDER BY version[0m
Rendered comatose_admin/_form (36.0ms)
Completed in 407ms (View: 94, DB: 302) | 200 OK [http://localhost/comatose_admin/edit/1]
  [4;36;1mSQL (71.2ms)[0m   [0;1mSET NAMES 'utf8'[0m
  [4;35;1mSQL (10.5ms)[0m   [0mSET SQL_AUTO_IS_NULL=0[0m


Processing ComatoseAdminController#index (for 127.0.0.1 at 2009-08-27 15:59:20) [GET]
Redirected to http://localhost:3000/session/new
Filter chain halted as [:handle_authorization] rendered_or_redirected.
Completed in 59ms (DB: 82) | 302 Found [http://localhost/comatose_admin]
  [4;36;1mSQL (0.2ms)[0m   [0;1mSET NAMES 'utf8'[0m
  [4;35;1mSQL (0.2ms)[0m   [0mSET SQL_AUTO_IS_NULL=0[0m


Processing SessionsController#new (for 127.0.0.1 at 2009-08-27 15:59:21) [GET]
Rendering sessions/new
Completed in 328ms (View: 323, DB: 0) | 200 OK [http://localhost/session/new]
  [4;36;1mSQL (0.2ms)[0m   [0;1mSET NAMES 'utf8'[0m
  [4;35;1mSQL (0.2ms)[0m   [0mSET SQL_AUTO_IS_NULL=0[0m


Processing UsersController#new (for 127.0.0.1 at 2009-08-27 15:59:49) [GET]
  [4;36;1mUser Columns (0.0ms)[0m   [0;1mMysql::Error: Table 'shoes.users' doesn't exist: SHOW FIELDS FROM `users`[0m

ActiveRecord::StatementInvalid (Mysql::Error: Table 'shoes.users' doesn't exist: SHOW FIELDS FROM `users`):
  app/controllers/users_controller.rb:8:in `new'
  app/controllers/users_controller.rb:8:in `new'
  haml (2.2.0) lib/sass/plugin/rails.rb:19:in `process'

Rendered rescues/_trace (120.4ms)
Rendered rescues/_request_and_response (18.2ms)
Rendering rescues/layout (internal_server_error)
  [4;36;1mSQL (0.1ms)[0m   [0;1mSET NAMES 'utf8'[0m
  [4;35;1mSQL (0.1ms)[0m   [0mSET SQL_AUTO_IS_NULL=0[0m
  [4;36;1mSQL (368.5ms)[0m   [0;1mSHOW TABLES[0m
  [4;35;1mSQL (44.9ms)[0m   [0mSELECT version FROM schema_migrations[0m
Migrating to AddComatoseSupport (20090827055630)
Migrating to CreateUsers (20090827065754)
  [4;36;1mSQL (67.6ms)[0m   [0;1mSHOW TABLES[0m
  [4;35;1mSQL (2210.6ms)[0m   [0mCREATE TABLE `users` (`id` int(11) DEFAULT NULL auto_increment PRIMARY KEY, `login` varchar(40), `name` varchar(100) DEFAULT '', `email` varchar(100), `crypted_password` varchar(40), `salt` varchar(40), `created_at` datetime, `updated_at` datetime, `remember_token` varchar(40), `remember_token_expires_at` datetime) ENGINE=InnoDB[0m
  [4;36;1mSQL (1929.7ms)[0m   [0;1mCREATE UNIQUE INDEX `index_users_on_login` ON `users` (`login`)[0m
  [4;35;1mSQL (155.0ms)[0m   [0mINSERT INTO schema_migrations (version) VALUES ('20090827065754')[0m
  [4;36;1mSQL (0.4ms)[0m   [0;1mSHOW TABLES[0m
  [4;35;1mSQL (98.6ms)[0m   [0mSELECT version FROM schema_migrations[0m
  [4;36;1mSQL (0.5ms)[0m   [0;1mSHOW TABLES[0m
  [4;35;1mSQL (217.5ms)[0m   [0mSHOW FIELDS FROM `comatose_page_versions`[0m
  [4;36;1mSQL (13.4ms)[0m   [0;1mdescribe `comatose_page_versions`[0m
  [4;35;1mSQL (42.9ms)[0m   [0mSHOW KEYS FROM `comatose_page_versions`[0m
  [4;36;1mSQL (12.9ms)[0m   [0;1mSHOW FIELDS FROM `comatose_pages`[0m
  [4;35;1mSQL (9.5ms)[0m   [0mdescribe `comatose_pages`[0m
  [4;36;1mSQL (0.5ms)[0m   [0;1mSHOW KEYS FROM `comatose_pages`[0m
  [4;35;1mSQL (16.8ms)[0m   [0mSHOW FIELDS FROM `users`[0m
  [4;36;1mSQL (6.0ms)[0m   [0;1mdescribe `users`[0m
  [4;35;1mSQL (8.5ms)[0m   [0mSHOW KEYS FROM `users`[0m
  [4;36;1mSQL (0.1ms)[0m   [0;1mSET NAMES 'utf8'[0m
  [4;35;1mSQL (0.1ms)[0m   [0mSET SQL_AUTO_IS_NULL=0[0m


Processing UsersController#new (for 127.0.0.1 at 2009-08-27 16:01:30) [GET]
  [4;36;1mUser Columns (1.3ms)[0m   [0;1mSHOW FIELDS FROM `users`[0m
Rendering users/new
Completed in 89ms (View: 63, DB: 2) | 200 OK [http://localhost/users/new]
  [4;35;1mSQL (0.1ms)[0m   [0mSET NAMES 'utf8'[0m
  [4;36;1mSQL (0.3ms)[0m   [0;1mSET SQL_AUTO_IS_NULL=0[0m


Processing UsersController#create (for 127.0.0.1 at 2009-08-27 16:01:41) [POST]
  Parameters: {"commit"=>"Sign up", "authenticity_token"=>"k2amZu7Ktcwq7EGnhZ9IJXt8My3SYg9QoB1VqOf1LFM=", "user"=>{"password_confirmation"=>"n12347", "password"=>"n12347", "login"=>"Saurabh", "email"=>"saurabh.a.bhatia@gmail.com"}}
  [4;35;1mUser Columns (4.7ms)[0m   [0mSHOW FIELDS FROM `users`[0m
  [4;36;1mSQL (0.1ms)[0m   [0;1mBEGIN[0m
  [4;35;1mUser Exists (86.6ms)[0m   [0mSELECT `users`.id FROM `users` WHERE (`users`.`login` = BINARY 'saurabh') LIMIT 1[0m
  [4;36;1mUser Exists (0.3ms)[0m   [0;1mSELECT `users`.id FROM `users` WHERE (`users`.`email` = BINARY 'saurabh.a.bhatia@gmail.com') LIMIT 1[0m
  [4;35;1mUser Create (0.5ms)[0m   [0mINSERT INTO `users` (`name`, `salt`, `created_at`, `crypted_password`, `remember_token_expires_at`, `updated_at`, `remember_token`, `login`, `email`) VALUES('', '1745062ecf3ab64ae2fbfa174168486597ce33ea', '2009-08-27 16:01:41', 'adeecf8bb1df1ff6aa1f6ba6d6fc1065655d35b4', NULL, '2009-08-27 16:01:41', NULL, 'saurabh', 'saurabh.a.bhatia@gmail.com')[0m
  [4;36;1mSQL (4.1ms)[0m   [0;1mCOMMIT[0m
Redirected to http://localhost:3000/comatose_admin
Completed in 181ms (DB: 97) | 302 Found [http://localhost/users]
  [4;35;1mSQL (0.1ms)[0m   [0mSET NAMES 'utf8'[0m
  [4;36;1mSQL (0.1ms)[0m   [0;1mSET SQL_AUTO_IS_NULL=0[0m


Processing ComatoseAdminController#index (for 127.0.0.1 at 2009-08-27 16:01:42) [GET]
  [4;35;1mUser Columns (27.0ms)[0m   [0mSHOW FIELDS FROM `users`[0m
  [4;36;1mUser Load (0.5ms)[0m   [0;1mSELECT * FROM `users` WHERE (`users`.`id` = 1) LIMIT 1[0m
  [4;35;1mComatosePage Load (0.2ms)[0m   [0mSELECT * FROM `comatose_pages` WHERE (parent_id IS NULL) ORDER BY position, title LIMIT 1[0m
  [4;36;1mComatosePage Columns (1.5ms)[0m   [0;1mSHOW FIELDS FROM `comatose_pages`[0m
Rendering template within layouts/comatose_admin
Rendering comatose_admin/index
  [4;35;1mComatosePage::Version Load (0.2ms)[0m   [0mSELECT * FROM `comatose_page_versions` WHERE (`comatose_page_versions`.comatose_page_id = 1) ORDER BY version[0m
  [4;36;1mSQL (0.2ms)[0m   [0;1mSELECT count(*) AS count_all FROM `comatose_pages` WHERE (`comatose_pages`.parent_id = 1) [0m
Rendered comatose_admin/_page_list_item (28.0ms)
Completed in 264ms (View: 157, DB: 30) | 200 OK [http://localhost/comatose_admin]
  [4;35;1mSQL (0.1ms)[0m   [0mSET NAMES 'utf8'[0m
  [4;36;1mSQL (0.1ms)[0m   [0;1mSET SQL_AUTO_IS_NULL=0[0m


Processing ComatoseAdminController#index (for 127.0.0.1 at 2009-08-27 16:01:58) [GET]
  [4;35;1mUser Columns (1.4ms)[0m   [0mSHOW FIELDS FROM `users`[0m
  [4;36;1mUser Load (0.1ms)[0m   [0;1mSELECT * FROM `users` WHERE (`users`.`id` = 1) LIMIT 1[0m
  [4;35;1mComatosePage Load (0.2ms)[0m   [0mSELECT * FROM `comatose_pages` WHERE (parent_id IS NULL) ORDER BY position, title LIMIT 1[0m
Rendering template within layouts/comatose_admin
Rendering comatose_admin/index
  [4;36;1mComatosePage::Version Load (0.2ms)[0m   [0;1mSELECT * FROM `comatose_page_versions` WHERE (`comatose_page_versions`.comatose_page_id = 1) ORDER BY version[0m
  [4;35;1mSQL (0.1ms)[0m   [0mSELECT count(*) AS count_all FROM `comatose_pages` WHERE (`comatose_pages`.parent_id = 1) [0m
Rendered comatose_admin/_page_list_item (7.3ms)
Completed in 28ms (View: 12, DB: 2) | 200 OK [http://localhost/comatose_admin]
  [4;36;1mSQL (156.8ms)[0m   [0;1mSET NAMES 'utf8'[0m
  [4;35;1mSQL (31.4ms)[0m   [0mSET SQL_AUTO_IS_NULL=0[0m
  [4;36;1mSQL (240.4ms)[0m   [0;1mSHOW TABLES[0m
  [4;35;1mSQL (754.8ms)[0m   [0mSELECT version FROM schema_migrations[0m
Migrating to AddComatoseSupport (20090827055630)
Migrating to CreateUsers (20090827065754)
Migrating to CreateWikiPages (20090827114828)
  [4;36;1mSQL (1318.6ms)[0m   [0;1mCREATE TABLE `wiki_pages` (`id` int(11) DEFAULT NULL auto_increment PRIMARY KEY, `slug` varchar(255), `body` text, `created_at` datetime, `updated_at` datetime) ENGINE=InnoDB[0m
  [4;35;1mSQL (161.2ms)[0m   [0mINSERT INTO schema_migrations (version) VALUES ('20090827114828')[0m
  [4;36;1mSQL (30.1ms)[0m   [0;1mSHOW TABLES[0m
  [4;35;1mSQL (0.3ms)[0m   [0mSELECT version FROM schema_migrations[0m
  [4;36;1mSQL (53.4ms)[0m   [0;1mSHOW TABLES[0m
  [4;35;1mSQL (403.3ms)[0m   [0mSHOW FIELDS FROM `comatose_page_versions`[0m
  [4;36;1mSQL (19.1ms)[0m   [0;1mdescribe `comatose_page_versions`[0m
  [4;35;1mSQL (9.9ms)[0m   [0mSHOW KEYS FROM `comatose_page_versions`[0m
  [4;36;1mSQL (36.7ms)[0m   [0;1mSHOW FIELDS FROM `comatose_pages`[0m
  [4;35;1mSQL (1.4ms)[0m   [0mdescribe `comatose_pages`[0m
  [4;36;1mSQL (13.7ms)[0m   [0;1mSHOW KEYS FROM `comatose_pages`[0m
  [4;35;1mSQL (18.2ms)[0m   [0mSHOW FIELDS FROM `users`[0m
  [4;36;1mSQL (16.9ms)[0m   [0;1mdescribe `users`[0m
  [4;35;1mSQL (0.5ms)[0m   [0mSHOW KEYS FROM `users`[0m
  [4;36;1mSQL (11.3ms)[0m   [0;1mSHOW FIELDS FROM `wiki_pages`[0m
  [4;35;1mSQL (1.0ms)[0m   [0mdescribe `wiki_pages`[0m
  [4;36;1mSQL (0.5ms)[0m   [0;1mSHOW KEYS FROM `wiki_pages`[0m
  [4;36;1mSQL (0.2ms)[0m   [0;1mSET NAMES 'utf8'[0m
  [4;35;1mSQL (11.8ms)[0m   [0mSET SQL_AUTO_IS_NULL=0[0m


Processing WikiPagesController#index (for 127.0.0.1 at 2009-08-27 17:23:53) [GET]
  [4;36;1mWikiPage Load (0.8ms)[0m   [0;1mSELECT * FROM `wiki_pages` [0m
Rendering template within layouts/wiki_pages
Rendering wiki_pages/index

ActionView::TemplateError (undefined local variable or method `new_wiki_page_path' for #<ActionView::Base:0xb712dee8>) on line #26 of app/views/wiki_pages/index.html.erb:
23: 
24: <br />
25: 
26: <%= link_to 'New wiki_page', new_wiki_page_path %>

    app/views/wiki_pages/index.html.erb:26
    haml (2.2.0) lib/haml/helpers/action_view_mods.rb:13:in `render'
    haml (2.2.0) lib/haml/helpers/action_view_mods.rb:13:in `render'
    app/controllers/wiki_pages_controller.rb:7:in `index'
    haml (2.2.0) lib/sass/plugin/rails.rb:19:in `process'

Rendered rescues/_trace (320.5ms)
Rendered rescues/_request_and_response (25.9ms)
Rendering rescues/layout (internal_server_error)
  [4;36;1mSQL (0.2ms)[0m   [0;1mSET NAMES 'utf8'[0m
  [4;35;1mSQL (0.1ms)[0m   [0mSET SQL_AUTO_IS_NULL=0[0m


Processing WikiPagesController#new (for 127.0.0.1 at 2009-08-27 17:27:26) [GET]
  [4;36;1mWikiPage Columns (25.6ms)[0m   [0;1mSHOW FIELDS FROM `wiki_pages`[0m
Rendering template within layouts/wiki_pages
Rendering wiki_pages/new

ActionView::TemplateError (undefined method `wiki_pages_path' for #<ActionView::Base:0xb6fe1198>) on line #3 of app/views/wiki_pages/new.html.erb:
1: <h1>New wiki_page</h1>
2: 
3: <% form_for(@wiki_page) do |f| %>
4:   <%= f.error_messages %>
5: 
6:   <p>

    haml (2.2.0) lib/haml/helpers/action_view_mods.rb:167:in `form_for'
    app/views/wiki_pages/new.html.erb:3
    haml (2.2.0) lib/haml/helpers/action_view_mods.rb:13:in `render'
    haml (2.2.0) lib/haml/helpers/action_view_mods.rb:13:in `render'
    app/controllers/wiki_pages_controller.rb:29:in `new'
    haml (2.2.0) lib/sass/plugin/rails.rb:19:in `process'

Rendered rescues/_trace (250.2ms)
Rendered rescues/_request_and_response (2.8ms)
Rendering rescues/layout (internal_server_error)
  [4;35;1mSQL (0.1ms)[0m   [0mSET NAMES 'utf8'[0m
  [4;36;1mSQL (0.1ms)[0m   [0;1mSET SQL_AUTO_IS_NULL=0[0m


Processing WikiPagesController#index (for 127.0.0.1 at 2009-08-27 17:28:49) [GET]
  [4;35;1mWikiPage Load (0.9ms)[0m   [0mSELECT * FROM `wiki_pages` [0m
Rendering template within layouts/wiki_pages
Rendering wiki_pages/index
Completed in 163ms (View: 155, DB: 1) | 200 OK [http://localhost/wiki_pages]
  [4;36;1mSQL (322.7ms)[0m   [0;1mSET NAMES 'utf8'[0m
  [4;35;1mSQL (98.8ms)[0m   [0mSET SQL_AUTO_IS_NULL=0[0m


Processing WikiPagesController#index (for 127.0.0.1 at 2009-08-27 17:46:07) [GET]
  [4;36;1mWikiPage Load (890.6ms)[0m   [0;1mSELECT * FROM `wiki_pages` [0m
Rendering template within layouts/wiki_pages
Rendering wiki_pages/index
Completed in 1058ms (View: 148, DB: 1312) | 200 OK [http://localhost/wiki_pages]
  [4;35;1mSQL (0.1ms)[0m   [0mSET NAMES 'utf8'[0m
  [4;36;1mSQL (0.1ms)[0m   [0;1mSET SQL_AUTO_IS_NULL=0[0m


Processing WikiPagesController#new (for 127.0.0.1 at 2009-08-27 17:46:19) [GET]
  [4;35;1mWikiPage Columns (266.5ms)[0m   [0mSHOW FIELDS FROM `wiki_pages`[0m
Rendering template within layouts/wiki_pages
Rendering wiki_pages/new
Completed in 318ms (View: 45, DB: 267) | 200 OK [http://localhost/wiki_pages/new]
  [4;36;1mSQL (0.2ms)[0m   [0;1mSET NAMES 'utf8'[0m
  [4;35;1mSQL (0.2ms)[0m   [0mSET SQL_AUTO_IS_NULL=0[0m


Processing WikiPagesController#create (for 127.0.0.1 at 2009-08-27 17:46:55) [POST]
  Parameters: {"commit"=>"Create", "authenticity_token"=>"k2amZu7Ktcwq7EGnhZ9IJXt8My3SYg9QoB1VqOf1LFM=", "wiki_page"=>{"updated_at(1i)"=>"2009", "slug"=>"First Page", "updated_at(2i)"=>"8", "created_at(1i)"=>"2009", "updated_at(3i)"=>"27", "created_at(2i)"=>"8", "body"=>"This is the first Wiki Page", "updated_at(4i)"=>"17", "created_at(3i)"=>"27", "updated_at(5i)"=>"46", "created_at(4i)"=>"17", "created_at(5i)"=>"46"}}
  [4;36;1mWikiPage Columns (78.5ms)[0m   [0;1mSHOW FIELDS FROM `wiki_pages`[0m
  [4;35;1mSQL (0.3ms)[0m   [0mBEGIN[0m
  [4;36;1mWikiPage Create (315.1ms)[0m   [0;1mINSERT INTO `wiki_pages` (`slug`, `created_at`, `body`, `updated_at`) VALUES('First Page', '2009-08-27 17:46:00', 'This is the first Wiki Page', '2009-08-27 17:46:00')[0m
  [4;35;1mSQL (41.5ms)[0m   [0mCOMMIT[0m
Redirected to http://localhost:3000/wiki_pages/1
Completed in 878ms (DB: 436) | 302 Found [http://localhost/wiki_pages]
  [4;36;1mSQL (0.1ms)[0m   [0;1mSET NAMES 'utf8'[0m
  [4;35;1mSQL (0.1ms)[0m   [0mSET SQL_AUTO_IS_NULL=0[0m


Processing WikiPagesController#show (for 127.0.0.1 at 2009-08-27 17:46:56) [GET]
  Parameters: {"id"=>"1"}
  [4;36;1mWikiPage Columns (25.1ms)[0m   [0;1mSHOW FIELDS FROM `wiki_pages`[0m
  [4;35;1mWikiPage Load (7.9ms)[0m   [0mSELECT * FROM `wiki_pages` WHERE (`wiki_pages`.`id` = 1) [0m
Rendering template within layouts/wiki_pages
Rendering wiki_pages/show

ActionView::TemplateError (undefined method `wiki_content' for #<WikiPage:0xb7361598>) on line #6 of app/views/wiki_pages/show.html.erb:
3:   <%=h @wiki_page.slug %>
4: </p>
5: <p>
6: <%= @wiki_page.wiki_content %>
7: </p>
8: <p>
9:   <b>Body:</b>

    app/views/wiki_pages/show.html.erb:6
    haml (2.2.0) lib/haml/helpers/action_view_mods.rb:13:in `render'
    haml (2.2.0) lib/haml/helpers/action_view_mods.rb:13:in `render'
    app/controllers/wiki_pages_controller.rb:18:in `show'
    haml (2.2.0) lib/sass/plugin/rails.rb:19:in `process'

Rendered rescues/_trace (66.0ms)
Rendered rescues/_request_and_response (20.4ms)
Rendering rescues/layout (internal_server_error)
  [4;36;1mSQL (0.2ms)[0m   [0;1mSET NAMES 'utf8'[0m
  [4;35;1mSQL (0.2ms)[0m   [0mSET SQL_AUTO_IS_NULL=0[0m


Processing WikiPagesController#show (for 127.0.0.1 at 2009-08-27 17:47:46) [GET]
  Parameters: {"id"=>"1"}
  [4;36;1mWikiPage Columns (27.1ms)[0m   [0;1mSHOW FIELDS FROM `wiki_pages`[0m
  [4;35;1mWikiPage Load (0.3ms)[0m   [0mSELECT * FROM `wiki_pages` WHERE (`wiki_pages`.`id` = 1) [0m
Rendering template within layouts/wiki_pages
Rendering wiki_pages/show
Completed in 74ms (View: 31, DB: 28) | 200 OK [http://localhost/wiki_pages/1]
  [4;36;1mSQL (0.2ms)[0m   [0;1mSET NAMES 'utf8'[0m
  [4;35;1mSQL (0.2ms)[0m   [0mSET SQL_AUTO_IS_NULL=0[0m


Processing WikiPagesController#index (for 127.0.0.1 at 2009-08-27 17:47:52) [GET]
  [4;36;1mWikiPage Load (28.2ms)[0m   [0;1mSELECT * FROM `wiki_pages` [0m
Rendering template within layouts/wiki_pages
Rendering wiki_pages/index
  [4;35;1mWikiPage Columns (15.4ms)[0m   [0mSHOW FIELDS FROM `wiki_pages`[0m
Completed in 69ms (View: 12, DB: 44) | 200 OK [http://localhost/wiki_pages]
